2026-06-14 00:41:39,463  INFO      
════════════════════════════════════════════════════════════
2026-06-14 00:41:39,463  INFO        Phase 3 — Contact Enrichment
2026-06-14 00:41:39,463  INFO        Input  : dealers_enriched_Kuching_93000.json
2026-06-14 00:41:39,463  INFO        Dealers: 18
2026-06-14 00:41:39,463  INFO      ════════════════════════════════════════════════════════════

2026-06-14 00:41:39,463  INFO        Output : C:\Users\sriya\Desktop\Learner\FindIt\Phase_three\dealers_final_Kuching_93000.json
2026-06-14 00:41:39,463  INFO      
[1/18]
2026-06-14 00:41:39,463  INFO      
════════════════════════════════════════════════════════════
2026-06-14 00:41:39,465  INFO        Enriching: Tiger Motors Sdn Bhd  (Kuching)
2026-06-14 00:41:39,465  INFO      ════════════════════════════════════════════════════════════
2026-06-14 00:41:39,465  INFO        [Step A] Jina Reader → http://www.tigermotors.com.my/
2026-06-14 00:41:39,465  INFO          [Jina] Reading: http://www.tigermotors.com.my/
2026-06-14 00:41:40,814  INFO          [Jina] Got 15978 chars of markdown
2026-06-14 00:41:40,823  INFO          [Jina] Emails: ['tigermotorskch@gmail.com']  Phones: ['+60 16-873 6833', '0977676334', '0885399346', '0885480800', '0885570823', '0122575350', '0122630700', '060737385', '0988457114', '0885440710', '0885528716', '0122512515', '0122539118']
2026-06-14 00:41:42,826  INFO        [Step B] No Facebook URL — skipping FB scrape
2026-06-14 00:41:42,826  INFO        [Step C] LinkedIn search for: Tiger Motors Sdn Bhd
2026-06-14 00:41:42,827  INFO          [LinkedIn] DDG query: site:linkedin.com/company "Tiger Motors Sdn Bhd" Malaysia
2026-06-14 00:41:44,589  INFO      response: https://en.wikipedia.org/w/api.php?action=opensearch&profile=fuzzy&limit=1&search=site%3Alinkedin.com/company%20%22Tiger%20Motors%20Sdn%20Bhd%22%20Malaysia 200
2026-06-14 00:41:44,651  INFO      response: https://grokipedia.com/api/typeahead?query=site%3Alinkedin.com%2Fcompany+%22Tiger+Motors+Sdn+Bhd%22+Malaysia&limit=1 200
2026-06-14 00:41:46,506  INFO      response: https://search.brave.com/search?q=site%3Alinkedin.com%2Fcompany+%22Tiger+Motors+Sdn+Bhd%22+Malaysia&source=web 200
2026-06-14 00:41:46,600  INFO      HTTP Request: POST https://html.duckduckgo.com/html/ "HTTP/2 202 Accepted"
2026-06-14 00:41:47,884  INFO      response: https://yandex.com/search/site/?text=site%3Alinkedin.com%2Fcompany+%22Tiger+Motors+Sdn+Bhd%22+Malaysia&web=1&searchid=4765660 200
2026-06-14 00:41:48,666  INFO      response: https://www.google.com/sorry/index?continue=https://www.google.com/search%3Fq%3Dsite%253Alinkedin.com%252Fcompany%2B%2522Tiger%2BMotors%2BSdn%2BBhd%2522%2BMalaysia%26filter%3D1%26start%3D0%26hl%3Den-US%26lr%3Dlang_en%26cr%3DcountryUS&hl=en-US&q=EgTLrhUGGPXWttEGIjDSIO12dXPQRiV7uiG8TX0xp6KjVzRR_6gBZsJj8nH6bSGIdMLG3tkd-nWaSIkHrJYyAnJSWgFD 429
2026-06-14 00:41:49,416  INFO      response: https://www.mojeek.com/search?q=site%3Alinkedin.com%2Fcompany+%22Tiger+Motors+Sdn+Bhd%22+Malaysia 403
2026-06-14 00:41:49,925  INFO      response: https://search.yahoo.com/search;_ylt=x-Ut0F1JO06gDCXCnEWtmqWP;_ylu=n8y3jr0M9GCOUmdsVJCajuBapVBYCrpBjdsDqgbnaOY3oAo?p=site%3Alinkedin.com%2Fcompany+%22Tiger+Motors+Sdn+Bhd%22+Malaysia 200
2026-06-14 00:41:52,334  INFO          [LinkedIn] ✓ Match (ratio=0.96, hits=['tiger', 'motors']): https://my.linkedin.com/company/tigermotors
2026-06-14 00:41:52,336  INFO      
  ✓ Final Contact:
2026-06-14 00:41:52,336  INFO          Emails  : ['tigermotorskch@gmail.com']
2026-06-14 00:41:52,336  INFO          Phones  : ['+60 16-873 6833', '0977676334', '0885399346', '0885480800', '0885570823', '0122575350', '0122630700', '060737385', '0988457114', '0885440710', '0885528716', '0122512515', '0122539118']
2026-06-14 00:41:52,337  INFO          LinkedIn: https://my.linkedin.com/company/tigermotors
2026-06-14 00:41:52,338  INFO          Sources : ['website_jina']
2026-06-14 00:41:52,342  INFO        ✓ Saved progress → dealers_final_Kuching_93000.json
2026-06-14 00:41:52,342  INFO        ⏳ Waiting 3.0s before next dealer...
2026-06-14 00:41:55,343  INFO      
[2/18]
2026-06-14 00:41:55,343  INFO      
════════════════════════════════════════════════════════════
2026-06-14 00:41:55,343  INFO        Enriching: Used car - Ben Lee automobile 1  (Kuching)
2026-06-14 00:41:55,343  INFO      ════════════════════════════════════════════════════════════
2026-06-14 00:41:55,343  INFO        [Step A] Jina Reader → https://api.whatsapp.com/send?phone=60137594748
2026-06-14 00:41:55,344  INFO          [Jina] Skipping — URL is social/marketplace: https://api.whatsapp.com/send?phone=60137594748
2026-06-14 00:41:57,345  INFO        [Step B] No Facebook URL — skipping FB scrape
2026-06-14 00:41:57,346  INFO        [Step C] LinkedIn search for: Used car - Ben Lee automobile 1
2026-06-14 00:41:57,346  INFO          [LinkedIn] DDG query: site:linkedin.com/company "Used car - Ben Lee automobile 1" Malaysia
2026-06-14 00:41:57,933  INFO      response: https://en.wikipedia.org/w/api.php?action=opensearch&profile=fuzzy&limit=1&search=site%3Alinkedin.com/company%20%22Used%20car%20-%20Ben%20Lee%20automobile%201%22%20Malaysia 200
2026-06-14 00:41:58,575  INFO      response: https://grokipedia.com/api/typeahead?query=site%3Alinkedin.com%2Fcompany+%22Used+car+-+Ben+Lee+automobile+1%22+Malaysia&limit=1 200
2026-06-14 00:41:59,184  INFO      response: https://www.google.com/sorry/index?continue=https://www.google.com/search%3Fq%3Dsite%253Alinkedin.com%252Fcompany%2B%2522Used%2Bcar%2B-%2BBen%2BLee%2Bautomobile%2B1%2522%2BMalaysia%26filter%3D1%26start%3D0%26hl%3Den-US%26lr%3Dlang_en%26cr%3DcountryUS&hl=en-US&q=EgTLrhUGGP_WttEGIjBR8n_2p9NuEerrWTL7tFVD7pbxqxFfLXcYSHw8yMb6cwwb8OueM3Mk3QYUDYEmegkyAnJSWgFD 429
2026-06-14 00:41:59,258  INFO      HTTP Request: POST https://html.duckduckgo.com/html/ "HTTP/2 202 Accepted"
2026-06-14 00:41:59,873  INFO      response: https://www.mojeek.com/search?q=site%3Alinkedin.com%2Fcompany+%22Used+car+-+Ben+Lee+automobile+1%22+Malaysia 403
2026-06-14 00:42:01,285  INFO      response: https://yandex.com/search/site/?text=site%3Alinkedin.com%2Fcompany+%22Used+car+-+Ben+Lee+automobile+1%22+Malaysia&web=1&searchid=7993294 200
2026-06-14 00:42:01,796  INFO      response: https://search.brave.com/search?q=site%3Alinkedin.com%2Fcompany+%22Used+car+-+Ben+Lee+automobile+1%22+Malaysia&source=web 429
2026-06-14 00:42:02,194  INFO      response: https://search.yahoo.com/search;_ylt=G99_Fmm4e4M5-9Og9NEsIQTy;_ylu=A-tdGRoLLWnSd6A6LaK-Mlt2sy6Ds6UflCNX4ZfkjpRzOoQ?p=site%3Alinkedin.com%2Fcompany+%22Used+car+-+Ben+Lee+automobile+1%22+Malaysia 200
2026-06-14 00:42:03,250  INFO      response: https://www.startpage.com/ 200
2026-06-14 00:42:04,074  INFO      response: https://www.startpage.com/sp/captcha 200
2026-06-14 00:42:04,078  WARNING       [LinkedIn] DDG failed: No results found.
2026-06-14 00:42:04,080  INFO      
  ✓ Final Contact:
2026-06-14 00:42:04,080  INFO          Emails  : []
2026-06-14 00:42:04,080  INFO          Phones  : ['+60 16-892 8898']
2026-06-14 00:42:04,080  INFO          LinkedIn: None
2026-06-14 00:42:04,081  INFO          Sources : []
2026-06-14 00:42:04,083  INFO        ✓ Saved progress → dealers_final_Kuching_93000.json
2026-06-14 00:42:04,083  INFO        ⏳ Waiting 3.0s before next dealer...
2026-06-14 00:42:07,084  INFO      
[3/18]
2026-06-14 00:42:07,084  INFO      
════════════════════════════════════════════════════════════
2026-06-14 00:42:07,084  INFO        Enriching: VB MOTOR KCH (Buy & Sell Quality Used Car) by VB CONCEPT  (Kuching)
2026-06-14 00:42:07,085  INFO      ════════════════════════════════════════════════════════════
2026-06-14 00:42:07,085  INFO        [Step A] No website — skipping Jina Reader
2026-06-14 00:42:07,085  INFO        [Step B] Facebook mobile → https://www.facebook.com/vbmotor.kch
2026-06-14 00:42:08,187  INFO          [FB Mobile] Resolved URL: https://www.facebook.com/vbmotor.kch
2026-06-14 00:42:08,187  INFO          [FB Mobile] Fetching: https://m.facebook.com/vbmotor.kch/about
2026-06-14 00:42:09,337  INFO          [FB Mobile] Fetching: https://m.facebook.com/vbmotor.kch
2026-06-14 00:42:10,417  INFO          [FB Mobile] Fetching: https://www.facebook.com/vbmotor.kch/about
2026-06-14 00:42:11,484  INFO          [FB Mobile] No contacts found (login wall or empty page)
2026-06-14 00:42:13,488  INFO        [Step C] LinkedIn search for: VB MOTOR KCH (Buy & Sell Quality Used Car) by VB CONCEPT
2026-06-14 00:42:13,489  INFO          [LinkedIn] DDG query: site:linkedin.com/company "VB MOTOR KCH (Buy & Sell Quality Used Car) by VB CONCEPT" Malaysia
2026-06-14 00:42:13,777  INFO      response: https://en.wikipedia.org/w/api.php?action=opensearch&profile=fuzzy&limit=1&search=site%3Alinkedin.com/company%20%22VB%20MOTOR%20KCH%20%28Buy%20%26%20Sell%20Quality%20Used%20Car%29%20by%20VB%20CONCEPT%22%20Malaysia 200
2026-06-14 00:42:13,943  INFO      response: https://grokipedia.com/api/typeahead?query=site%3Alinkedin.com%2Fcompany+%22VB+MOTOR+KCH+%28Buy+%26+Sell+Quality+Used+Car%29+by+VB+CONCEPT%22+Malaysia&limit=1 200
2026-06-14 00:42:14,325  INFO      response: https://search.yahoo.com/search;_ylt=NKIul10Ue-h4k5WAkDti3x-W;_ylu=bUB7Bi1eEpcxEorjUHgV4JtYeQRTpA_CDbbZB3uvLcQmevk?p=site%3Alinkedin.com%2Fcompany+%22VB+MOTOR+KCH+%28Buy+%26+Sell+Quality+Used+Car%29+by+VB+CONCEPT%22+Malaysia 200
2026-06-14 00:42:16,013  INFO      response: https://yandex.com/search/site/?text=site%3Alinkedin.com%2Fcompany+%22VB+MOTOR+KCH+%28Buy+%26+Sell+Quality+Used+Car%29+by+VB+CONCEPT%22+Malaysia&web=1&searchid=5530794 200
2026-06-14 00:42:16,500  INFO      response: https://www.google.com/sorry/index?continue=https://www.google.com/search%3Fq%3Dsite%253Alinkedin.com%252Fcompany%2B%2522VB%2BMOTOR%2BKCH%2B%2528Buy%2B%2526%2BSell%2BQuality%2BUsed%2BCar%2529%2Bby%2BVB%2BCONCEPT%2522%2BMalaysia%26filter%3D1%26start%3D0%26hl%3Den-US%26lr%3Dlang_en%26cr%3DcountryUS&hl=en-US&q=EgTLrhUGGJHXttEGIjBm7CWPEz76yp8sbY8-j8KXBlobLJYjPkHLRZ5oV-CgotMUwwmTmIZJT3lyfKxjyWEyAnJSWgFD 429
2026-06-14 00:42:17,234  INFO      response: https://www.mojeek.com/search?q=site%3Alinkedin.com%2Fcompany+%22VB+MOTOR+KCH+%28Buy+%26+Sell+Quality+Used+Car%29+by+VB+CONCEPT%22+Malaysia 403
2026-06-14 00:42:17,748  INFO      response: https://www.startpage.com/ 200
2026-06-14 00:42:18,966  INFO      response: https://www.startpage.com/sp/captcha 200
2026-06-14 00:42:19,807  INFO      response: https://search.brave.com/search?q=site%3Alinkedin.com%2Fcompany+%22VB+MOTOR+KCH+%28Buy+%26+Sell+Quality+Used+Car%29+by+VB+CONCEPT%22+Malaysia&source=web 200
2026-06-14 00:42:21,864  INFO          [LinkedIn] Rejected (ratio=0.23, hits=[]): https://my.linkedin.com/company/autoselectionmalaysia
2026-06-14 00:42:21,864  INFO          [LinkedIn] Rejected — foreign subdomain 'in': https://in.linkedin.com/company/kachmotors
2026-06-14 00:42:21,865  INFO          [LinkedIn] Rejected (ratio=0.15, hits=[]): https://www.linkedin.com/company/uobkayhian
2026-06-14 00:42:21,866  INFO          [LinkedIn] Rejected (ratio=0.46, hits=['concept']): https://www.linkedin.com/company/atelier-vb-concept
2026-06-14 00:42:21,866  INFO          [LinkedIn] Rejected (ratio=0.15, hits=[]): https://www.linkedin.com/company/pkfmalaysia/
2026-06-14 00:42:21,867  INFO          [LinkedIn] Rejected (ratio=0.14, hits=[]): https://www.linkedin.com/company/nissanmalaysia
2026-06-14 00:42:21,867  INFO          [LinkedIn] Rejected (ratio=0.18, hits=[]): https://www.linkedin.com/company/kvbofficial/
2026-06-14 00:42:21,868  INFO          [LinkedIn] Rejected — foreign subdomain 'in': https://in.linkedin.com/company/volvo-car-manufacturing-malaysia-sdn-bhd-
2026-06-14 00:42:21,868  INFO          [LinkedIn] ✗ Not found
2026-06-14 00:42:21,871  INFO      
  ✓ Final Contact:
2026-06-14 00:42:21,872  INFO          Emails  : []
2026-06-14 00:42:21,872  INFO          Phones  : ['+60 17-899 2234']
2026-06-14 00:42:21,872  INFO          LinkedIn: None
2026-06-14 00:42:21,872  INFO          Sources : []
2026-06-14 00:42:21,875  INFO        ✓ Saved progress → dealers_final_Kuching_93000.json
2026-06-14 00:42:21,875  INFO        ⏳ Waiting 3.0s before next dealer...
2026-06-14 00:42:24,877  INFO      
[4/18]
2026-06-14 00:42:24,877  INFO      
════════════════════════════════════════════════════════════
2026-06-14 00:42:24,877  INFO        Enriching: City Drive Auto Company  (Kuching)
2026-06-14 00:42:24,877  INFO      ════════════════════════════════════════════════════════════
2026-06-14 00:42:24,877  INFO        [Step A] No website — skipping Jina Reader
2026-06-14 00:42:24,877  INFO        [Step B] Facebook mobile → https://www.facebook.com/share/17rXczB5qV/?mibextid=wwXIfr
2026-06-14 00:42:26,050  INFO          [FB Mobile] Resolved URL: https://www.facebook.com/share/17rXczB5qV/?mibextid=wwXIfr
2026-06-14 00:42:26,050  INFO          [FB Mobile] Could not extract handle from: https://www.facebook.com/share/17rXczB5qV/?mibextid=wwXIfr
2026-06-14 00:42:28,051  INFO        [Step C] LinkedIn search for: City Drive Auto Company
2026-06-14 00:42:28,051  INFO          [LinkedIn] DDG query: site:linkedin.com/company "City Drive Auto Company" Malaysia
2026-06-14 00:42:28,630  INFO      response: https://en.wikipedia.org/w/api.php?action=opensearch&profile=fuzzy&limit=1&search=site%3Alinkedin.com/company%20%22City%20Drive%20Auto%20Company%22%20Malaysia 200
2026-06-14 00:42:29,241  INFO      response: https://grokipedia.com/api/typeahead?query=site%3Alinkedin.com%2Fcompany+%22City+Drive+Auto+Company%22+Malaysia&limit=1 200
2026-06-14 00:42:29,859  INFO      response: https://www.startpage.com/ 200
2026-06-14 00:42:30,657  INFO      response: https://www.startpage.com/sp/captcha 200
2026-06-14 00:42:31,199  INFO      HTTP Request: POST https://html.duckduckgo.com/html/ "HTTP/2 200 OK"
2026-06-14 00:42:31,604  INFO      response: https://search.brave.com/search?q=site%3Alinkedin.com%2Fcompany+%22City+Drive+Auto+Company%22+Malaysia&source=web 429
2026-06-14 00:42:32,122  INFO      response: https://www.mojeek.com/search?q=site%3Alinkedin.com%2Fcompany+%22City+Drive+Auto+Company%22+Malaysia 403
2026-06-14 00:42:32,740  INFO      response: https://www.google.com/sorry/index?continue=https://www.google.com/search%3Fq%3Dsite%253Alinkedin.com%252Fcompany%2B%2522City%2BDrive%2BAuto%2BCompany%2522%2BMalaysia%26filter%3D1%26start%3D0%26hl%3Den-US%26lr%3Dlang_en%26cr%3DcountryUS&hl=en-US&q=EgTLrhUGGKHXttEGIjCtfxNrQfDQoon_f8-7zX2Q-z_YPU07_aEMHtn9R4olf-gvIOdZwaqBLeCL0CxTOfIyAnJSWgFD 429
2026-06-14 00:42:33,841  INFO      response: https://yandex.com/search/site/?text=site%3Alinkedin.com%2Fcompany+%22City+Drive+Auto+Company%22+Malaysia&web=1&searchid=7731026 200
2026-06-14 00:42:35,844  INFO          [LinkedIn] ✗ Not found
2026-06-14 00:42:35,847  INFO      
  ✓ Final Contact:
2026-06-14 00:42:35,847  INFO          Emails  : []
2026-06-14 00:42:35,848  INFO          Phones  : ['+60 12-873 9557']
2026-06-14 00:42:35,848  INFO          LinkedIn: None
2026-06-14 00:42:35,848  INFO          Sources : []
2026-06-14 00:42:35,850  INFO        ✓ Saved progress → dealers_final_Kuching_93000.json
2026-06-14 00:42:35,851  INFO        ⏳ Waiting 3.0s before next dealer...
2026-06-14 00:42:38,852  INFO      
[5/18]
2026-06-14 00:42:38,852  INFO      
════════════════════════════════════════════════════════════
2026-06-14 00:42:38,852  INFO        Enriching: JL68 MOTOR SDN BHD  (Kuching)
2026-06-14 00:42:38,852  INFO      ════════════════════════════════════════════════════════════
2026-06-14 00:42:38,853  INFO        [Step A] Jina Reader → https://jl68motor.com/
2026-06-14 00:42:38,853  INFO          [Jina] Reading: https://jl68motor.com/
2026-06-14 00:42:40,099  INFO          [Jina] Got 8123 chars of markdown
2026-06-14 00:42:40,102  INFO          [Jina] Emails: ['jl68.motor@gmail.com']  Phones: ['+60 16 808 8666', '+6010 707 6868', '+6014 666 6666']
2026-06-14 00:42:42,105  INFO        [Step B] No Facebook URL — skipping FB scrape
2026-06-14 00:42:42,105  INFO        [Step C] LinkedIn search for: JL68 MOTOR SDN BHD
2026-06-14 00:42:42,105  INFO          [LinkedIn] DDG query: site:linkedin.com/company "JL68 MOTOR SDN BHD" Malaysia
2026-06-14 00:42:42,338  INFO      response: https://en.wikipedia.org/w/api.php?action=opensearch&profile=fuzzy&limit=1&search=site%3Alinkedin.com/company%20%22JL68%20MOTOR%20SDN%20BHD%22%20Malaysia 200
2026-06-14 00:42:42,451  INFO      response: https://grokipedia.com/api/typeahead?query=site%3Alinkedin.com%2Fcompany+%22JL68+MOTOR+SDN+BHD%22+Malaysia&limit=1 200
2026-06-14 00:42:43,106  INFO      response: https://www.mojeek.com/search?q=site%3Alinkedin.com%2Fcompany+%22JL68+MOTOR+SDN+BHD%22+Malaysia 403
2026-06-14 00:42:43,504  INFO      response: https://www.google.com/sorry/index?continue=https://www.google.com/search%3Fq%3Dsite%253Alinkedin.com%252Fcompany%2B%2522JL68%2BMOTOR%2BSDN%2BBHD%2522%2BMalaysia%26filter%3D1%26start%3D0%26hl%3Den-US%26lr%3Dlang_en%26cr%3DcountryUS&hl=en-US&q=EgTLrhUGGKzXttEGIjCAuFERBuJucD93LysBiqRWR_vQu49egutkWi6NLTmZNkA3IsYcsv5_Rtr_S7ytBjAyAnJSWgFD 429
2026-06-14 00:42:44,137  INFO      response: https://www.startpage.com/ 200
2026-06-14 00:42:45,348  INFO      response: https://www.startpage.com/sp/captcha 200
2026-06-14 00:42:45,456  INFO      HTTP Request: POST https://html.duckduckgo.com/html/ "HTTP/2 202 Accepted"
2026-06-14 00:42:45,891  INFO      response: https://search.yahoo.com/search;_ylt=QtJLuPHp5BFwzGn22cMlhf70;_ylu=BTgh6ahAzYyIZPRqrvsPE5WcQGm7FMfISYjJnzp5Eg-sekY?p=site%3Alinkedin.com%2Fcompany+%22JL68+MOTOR+SDN+BHD%22+Malaysia 200
2026-06-14 00:42:46,927  INFO      response: https://search.brave.com/search?q=site%3Alinkedin.com%2Fcompany+%22JL68+MOTOR+SDN+BHD%22+Malaysia&source=web 200
2026-06-14 00:42:48,947  INFO          [LinkedIn] Rejected (ratio=0.34, hits=['motor']): https://www.linkedin.com/company/hong-leong-yamaha-motor-sdn-bhd
2026-06-14 00:42:48,947  INFO          [LinkedIn] Rejected (ratio=0.17, hits=[]): https://my.linkedin.com/company/tanchonggroup
2026-06-14 00:42:48,947  INFO          [LinkedIn] Rejected (ratio=0.37, hits=[]): https://www.linkedin.com/company/jstarmotionsdnbhd
2026-06-14 00:42:48,948  INFO          [LinkedIn] Rejected (ratio=0.14, hits=[]): https://my.linkedin.com/company/mamm
2026-06-14 00:42:48,948  INFO          [LinkedIn] Rejected (ratio=0.06, hits=[]): https://www.linkedin.com/company/srg-asia-pacific-sdn-bhd
2026-06-14 00:42:48,949  INFO          [LinkedIn] Rejected (ratio=0.15, hits=[]): https://my.linkedin.com/company/wadah-sejati-sdn
2026-06-14 00:42:48,949  INFO          [LinkedIn] Rejected (ratio=0.08, hits=[]): https://my.linkedin.com/company/badanbas-sdn-bhd
2026-06-14 00:42:48,950  INFO          [LinkedIn] Rejected — foreign subdomain 'in': https://in.linkedin.com/company/jabil
2026-06-14 00:42:48,950  INFO          [LinkedIn] ✗ Not found
2026-06-14 00:42:48,953  INFO      
  ✓ Final Contact:
2026-06-14 00:42:48,954  INFO          Emails  : ['jl68.motor@gmail.com']
2026-06-14 00:42:48,954  INFO          Phones  : ['+60 16-808 8666', '+6010 707 6868', '+6014 666 6666']
2026-06-14 00:42:48,954  INFO          LinkedIn: None
2026-06-14 00:42:48,954  INFO          Sources : ['website_jina']
2026-06-14 00:42:48,957  INFO        ✓ Saved progress → dealers_final_Kuching_93000.json
2026-06-14 00:42:48,957  INFO        ⏳ Waiting 3.0s before next dealer...
2026-06-14 00:42:51,958  INFO      
[6/18]
2026-06-14 00:42:51,958  INFO      
════════════════════════════════════════════════════════════
2026-06-14 00:42:51,958  INFO        Enriching: LKM Motors Sdn Bhd • Branch  (Kuching)
2026-06-14 00:42:51,958  INFO      ════════════════════════════════════════════════════════════
2026-06-14 00:42:51,959  INFO        [Step A] No website — skipping Jina Reader
2026-06-14 00:42:51,959  INFO        [Step B] No Facebook URL — skipping FB scrape
2026-06-14 00:42:51,959  INFO        [Step C] LinkedIn search for: LKM Motors Sdn Bhd • Branch
2026-06-14 00:42:51,959  INFO          [LinkedIn] DDG query: site:linkedin.com/company "LKM Motors Sdn Bhd • Branch" Malaysia
2026-06-14 00:42:52,597  INFO      response: https://en.wikipedia.org/w/api.php?action=opensearch&profile=fuzzy&limit=1&search=site%3Alinkedin.com/company%20%22LKM%20Motors%20Sdn%20Bhd%20%E2%80%A2%20Branch%22%20Malaysia 200
2026-06-14 00:42:53,170  INFO      response: https://grokipedia.com/api/typeahead?query=site%3Alinkedin.com%2Fcompany+%22LKM+Motors+Sdn+Bhd+%E2%80%A2+Branch%22+Malaysia&limit=1 200
2026-06-14 00:42:53,712  INFO      response: https://www.google.com/sorry/index?continue=https://www.google.com/search%3Fq%3Dsite%253Alinkedin.com%252Fcompany%2B%2522LKM%2BMotors%2BSdn%2BBhd%2B%25E2%2580%25A2%2BBranch%2522%2BMalaysia%26filter%3D1%26start%3D0%26hl%3Den-US%26lr%3Dlang_en%26cr%3DcountryUS&hl=en-US&q=EgTLrhUGGLbXttEGIjBk0UwajQ7twy6cAr05SR-PNpdCvZY37GA0kVReY6aj3YDRSGjqfGl6r_djYuAoUzAyAnJSWgFD 429
2026-06-14 00:42:54,535  INFO      response: https://yandex.com/search/site/?text=site%3Alinkedin.com%2Fcompany+%22LKM+Motors+Sdn+Bhd+%E2%80%A2+Branch%22+Malaysia&web=1&searchid=6089619 200
2026-06-14 00:42:55,050  INFO      response: https://search.yahoo.com/search;_ylt=Fg2Mzo3wD6GOhk98v0Qj7aft;_ylu=g4acsZyj4vNO4lyaXecsyfxcdJ_l-emLvLi-5-1UvnVvd1Y?p=site%3Alinkedin.com%2Fcompany+%22LKM+Motors+Sdn+Bhd+%E2%80%A2+Branch%22+Malaysia 200
2026-06-14 00:42:56,206  INFO      response: https://www.mojeek.com/search?q=site%3Alinkedin.com%2Fcompany+%22LKM+Motors+Sdn+Bhd+%E2%80%A2+Branch%22+Malaysia 403
2026-06-14 00:42:57,270  INFO      response: https://www.startpage.com/sp/captcha 200
2026-06-14 00:42:58,232  INFO      response: https://www.startpage.com/sp/captcha 200
2026-06-14 00:43:00,737  INFO      response: https://search.brave.com/search?q=site%3Alinkedin.com%2Fcompany+%22LKM+Motors+Sdn+Bhd+%E2%80%A2+Branch%22+Malaysia&source=web 200
2026-06-14 00:43:02,769  INFO          [LinkedIn] Rejected (ratio=0.50, hits=[]): https://www.linkedin.com/company/lks-m-sdn-bhd
2026-06-14 00:43:02,769  INFO          [LinkedIn] Rejected (ratio=0.27, hits=['lkm']): https://www.linkedin.com/company/lkm
2026-06-14 00:43:02,770  INFO          [LinkedIn] Rejected (ratio=0.33, hits=[]): https://www.linkedin.com/company/suzuki-malaysia-automobile-sdn-bhd-
2026-06-14 00:43:02,770  INFO          [LinkedIn] Rejected — foreign subdomain 'in': https://in.linkedin.com/company/honda-malaysia?trk=public_profile_profile-section-card_subtitle-click
2026-06-14 00:43:02,770  INFO          [LinkedIn] Rejected — foreign subdomain 'au': https://au.linkedin.com/company/kia-malaysia-sdn-bhd?trk=public_profile_experience-item_profile-section-card_subtitle-click
2026-06-14 00:43:02,770  INFO          [LinkedIn] Rejected (ratio=0.22, hits=[]): https://www.linkedin.com/company/malaysia
2026-06-14 00:43:02,770  INFO          [LinkedIn] Rejected — foreign subdomain 'bn': https://bn.linkedin.com/company/bimbn
2026-06-14 00:43:02,771  INFO          [LinkedIn] Rejected (ratio=0.33, hits=[]): https://www.linkedin.com/company/auto-parts-manufacturers-co-sdn-bhd-
2026-06-14 00:43:02,771  INFO          [LinkedIn] ✗ Not found
2026-06-14 00:43:02,774  INFO      
  ✓ Final Contact:
2026-06-14 00:43:02,775  INFO          Emails  : []
2026-06-14 00:43:02,775  INFO          Phones  : ['+60 12-543 2310']
2026-06-14 00:43:02,775  INFO          LinkedIn: None
2026-06-14 00:43:02,775  INFO          Sources : []
2026-06-14 00:43:02,778  INFO        ✓ Saved progress → dealers_final_Kuching_93000.json
2026-06-14 00:43:02,778  INFO        ⏳ Waiting 3.0s before next dealer...
2026-06-14 00:43:05,779  INFO      
[7/18]
2026-06-14 00:43:05,779  INFO      
════════════════════════════════════════════════════════════
2026-06-14 00:43:05,779  INFO        Enriching: Car One Automotive Company  (Kuching)
2026-06-14 00:43:05,779  INFO      ════════════════════════════════════════════════════════════
2026-06-14 00:43:05,779  INFO        [Step A] No website — skipping Jina Reader
2026-06-14 00:43:05,779  INFO        [Step B] Facebook mobile → http://www.facebook.com/caroneautoco
2026-06-14 00:43:06,969  INFO          [FB Mobile] Resolved URL: https://www.facebook.com/caroneautoco
2026-06-14 00:43:06,970  INFO          [FB Mobile] Fetching: https://m.facebook.com/caroneautoco/about
2026-06-14 00:43:08,192  INFO          [FB Mobile] Fetching: https://m.facebook.com/caroneautoco
2026-06-14 00:43:09,152  INFO          [FB Mobile] Fetching: https://www.facebook.com/caroneautoco/about
2026-06-14 00:43:10,195  INFO          [FB Mobile] No contacts found (login wall or empty page)
2026-06-14 00:43:12,199  INFO        [Step C] LinkedIn search for: Car One Automotive Company
2026-06-14 00:43:12,199  INFO          [LinkedIn] DDG query: site:linkedin.com/company "Car One Automotive Company" Malaysia
2026-06-14 00:43:12,677  INFO      response: https://grokipedia.com/api/typeahead?query=site%3Alinkedin.com%2Fcompany+%22Car+One+Automotive+Company%22+Malaysia&limit=1 200
2026-06-14 00:43:13,010  INFO      response: https://en.wikipedia.org/w/api.php?action=opensearch&profile=fuzzy&limit=1&search=site%3Alinkedin.com/company%20%22Car%20One%20Automotive%20Company%22%20Malaysia 200
2026-06-14 00:43:13,087  INFO      HTTP Request: POST https://html.duckduckgo.com/html/ "HTTP/2 202 Accepted"
2026-06-14 00:43:14,141  INFO      response: https://www.startpage.com/sp/captcha 200
2026-06-14 00:43:15,132  INFO      response: https://www.startpage.com/sp/captcha 200
2026-06-14 00:43:15,620  INFO      response: https://www.mojeek.com/search?q=site%3Alinkedin.com%2Fcompany+%22Car+One+Automotive+Company%22+Malaysia 403
2026-06-14 00:43:16,826  INFO      response: https://yandex.com/search/site/?text=site%3Alinkedin.com%2Fcompany+%22Car+One+Automotive+Company%22+Malaysia&web=1&searchid=7926276 200
2026-06-14 00:43:17,414  INFO      response: https://search.yahoo.com/search;_ylt=O0oCrcQV4OKuv-BZN3LfgbPp;_ylu=E18W275lehlNfC-tX5MKRujF_OZ4ZWLS0XcUzMFQuuqpXxI?p=site%3Alinkedin.com%2Fcompany+%22Car+One+Automotive+Company%22+Malaysia 200
2026-06-14 00:43:18,143  INFO      response: https://search.brave.com/search?q=site%3Alinkedin.com%2Fcompany+%22Car+One+Automotive+Company%22+Malaysia&source=web 200
2026-06-14 00:43:20,172  INFO          [LinkedIn] Rejected — foreign subdomain 'au': https://au.linkedin.com/company/car-one-automotive
2026-06-14 00:43:20,172  INFO          [LinkedIn] Rejected — foreign subdomain 'sg': https://sg.linkedin.com/company/carrogroup
2026-06-14 00:43:20,173  INFO          [LinkedIn] Rejected (ratio=0.43, hits=['car', 'one']): https://www.linkedin.com/company/caronegroup
2026-06-14 00:43:20,173  INFO          [LinkedIn] Rejected — foreign subdomain 'id': https://id.linkedin.com/company/icar-asia-powered-by-carsome
2026-06-14 00:43:20,173  INFO          [LinkedIn] Rejected — foreign subdomain 'ca': https://ca.linkedin.com/company/carone
2026-06-14 00:43:20,173  INFO          [LinkedIn] Rejected — foreign subdomain 'au': https://au.linkedin.com/company/edaranotomobilnasional?trk=public_profile_experience-group-header
2026-06-14 00:43:20,173  INFO          [LinkedIn] Rejected (ratio=0.36, hits=['car']): https://www.linkedin.com/company/carsome
2026-06-14 00:43:20,174  INFO          [LinkedIn] Rejected — foreign subdomain 'ca': https://ca.linkedin.com/company/car-on-automotive-group
2026-06-14 00:43:20,174  INFO          [LinkedIn] ✗ Not found
2026-06-14 00:43:20,174  INFO      
  ✓ Final Contact:
2026-06-14 00:43:20,175  INFO          Emails  : []
2026-06-14 00:43:20,175  INFO          Phones  : []
2026-06-14 00:43:20,175  INFO          LinkedIn: None
2026-06-14 00:43:20,175  INFO          Sources : []
2026-06-14 00:43:20,178  INFO        ✓ Saved progress → dealers_final_Kuching_93000.json
2026-06-14 00:43:20,178  INFO        ⏳ Waiting 3.0s before next dealer...
2026-06-14 00:43:23,179  INFO      
[8/18]
2026-06-14 00:43:23,179  INFO      
════════════════════════════════════════════════════════════
2026-06-14 00:43:23,179  INFO        Enriching: 72 Motors Sdn Bhd  (Kuching)
2026-06-14 00:43:23,180  INFO      ════════════════════════════════════════════════════════════
2026-06-14 00:43:23,180  INFO        [Step A] No website — skipping Jina Reader
2026-06-14 00:43:23,180  INFO        [Step B] No Facebook URL — skipping FB scrape
2026-06-14 00:43:23,180  INFO        [Step C] LinkedIn search for: 72 Motors Sdn Bhd
2026-06-14 00:43:23,181  INFO          [LinkedIn] Skipping — name too generic: '72 Motors Sdn Bhd'
2026-06-14 00:43:23,181  INFO      
  ✓ Final Contact:
2026-06-14 00:43:23,181  INFO          Emails  : []
2026-06-14 00:43:23,181  INFO          Phones  : ['+60 10-888 0272']
2026-06-14 00:43:23,181  INFO          LinkedIn: None
2026-06-14 00:43:23,182  INFO          Sources : []
2026-06-14 00:43:23,186  INFO        ✓ Saved progress → dealers_final_Kuching_93000.json
2026-06-14 00:43:23,186  INFO        ⏳ Waiting 3.0s before next dealer...
2026-06-14 00:43:26,187  INFO      
[9/18]
2026-06-14 00:43:26,187  INFO      
════════════════════════════════════════════════════════════
2026-06-14 00:43:26,188  INFO        Enriching: OHS MOTORS SDN BHD  (Kuching)
2026-06-14 00:43:26,188  INFO      ════════════════════════════════════════════════════════════
2026-06-14 00:43:26,188  INFO        [Step A] No website — skipping Jina Reader
2026-06-14 00:43:26,188  INFO        [Step B] Facebook mobile → https://www.facebook.com/ohsmotors
2026-06-14 00:43:27,197  INFO          [FB Mobile] Resolved URL: https://www.facebook.com/ohsmotors
2026-06-14 00:43:27,197  INFO          [FB Mobile] Fetching: https://m.facebook.com/ohsmotors/about
2026-06-14 00:43:28,247  INFO          [FB Mobile] Fetching: https://m.facebook.com/ohsmotors
2026-06-14 00:43:29,202  INFO          [FB Mobile] Fetching: https://www.facebook.com/ohsmotors/about
2026-06-14 00:43:30,402  INFO          [FB Mobile] No contacts found (login wall or empty page)
2026-06-14 00:43:32,405  INFO        [Step C] LinkedIn search for: OHS MOTORS SDN BHD
2026-06-14 00:43:32,405  INFO          [LinkedIn] DDG query: site:linkedin.com/company "OHS MOTORS SDN BHD" Malaysia
2026-06-14 00:43:32,742  INFO      response: https://grokipedia.com/api/typeahead?query=site%3Alinkedin.com%2Fcompany+%22OHS+MOTORS+SDN+BHD%22+Malaysia&limit=1 200
2026-06-14 00:43:32,932  INFO      response: https://en.wikipedia.org/w/api.php?action=opensearch&profile=fuzzy&limit=1&search=site%3Alinkedin.com/company%20%22OHS%20MOTORS%20SDN%20BHD%22%20Malaysia 200
2026-06-14 00:43:34,029  INFO      response: https://yandex.com/search/site/?text=site%3Alinkedin.com%2Fcompany+%22OHS+MOTORS+SDN+BHD%22+Malaysia&web=1&searchid=9789751 200
2026-06-14 00:43:34,470  INFO      response: https://search.brave.com/search?q=site%3Alinkedin.com%2Fcompany+%22OHS+MOTORS+SDN+BHD%22+Malaysia&source=web 429
2026-06-14 00:43:35,187  INFO      response: https://www.startpage.com/ 200
2026-06-14 00:43:36,327  INFO      response: https://www.startpage.com/sp/captcha 200
2026-06-14 00:43:36,767  INFO      response: https://search.yahoo.com/search;_ylt=Nggsp-xqhG8WHrHiHxDl_OyP;_ylu=gfF-ruaYlq6Lsfyv8ACasi55E4f_Bx2ZtPMN6ybvUj87xvQ?p=site%3Alinkedin.com%2Fcompany+%22OHS+MOTORS+SDN+BHD%22+Malaysia 200
2026-06-14 00:43:37,881  INFO      response: https://www.mojeek.com/search?q=site%3Alinkedin.com%2Fcompany+%22OHS+MOTORS+SDN+BHD%22+Malaysia 403
2026-06-14 00:43:38,345  INFO      response: https://www.google.com/sorry/index?continue=https://www.google.com/search%3Fq%3Dsite%253Alinkedin.com%252Fcompany%2B%2522OHS%2BMOTORS%2BSDN%2BBHD%2522%2BMalaysia%26filter%3D1%26start%3D0%26hl%3Den-US%26lr%3Dlang_en%26cr%3DcountryUS&hl=en-US&q=EgTLrhUGGOPXttEGIjBcrR6IwO6j4idF4iDLHaR0l9LhxgLbXgKq8Z_hlYcTkeTKnPEJEbz2AnpUAr5jbMkyAnJSWgFD 429
2026-06-14 00:43:38,413  INFO      HTTP Request: POST https://html.duckduckgo.com/html/ "HTTP/2 202 Accepted"
2026-06-14 00:43:38,423  WARNING       [LinkedIn] DDG failed: No results found.
2026-06-14 00:43:38,424  INFO      
  ✓ Final Contact:
2026-06-14 00:43:38,425  INFO          Emails  : []
2026-06-14 00:43:38,425  INFO          Phones  : ['+60 10-363 3033']
2026-06-14 00:43:38,425  INFO          LinkedIn: None
2026-06-14 00:43:38,425  INFO          Sources : []
2026-06-14 00:43:38,428  INFO        ✓ Saved progress → dealers_final_Kuching_93000.json
2026-06-14 00:43:38,429  INFO        ⏳ Waiting 3.0s before next dealer...
2026-06-14 00:43:41,429  INFO      
[10/18]
2026-06-14 00:43:41,430  INFO      
════════════════════════════════════════════════════════════
2026-06-14 00:43:41,430  INFO        Enriching: Ngui Used Car Dealer  (Kuching)
2026-06-14 00:43:41,430  INFO      ════════════════════════════════════════════════════════════
2026-06-14 00:43:41,431  INFO        [Step A] No website — skipping Jina Reader
2026-06-14 00:43:41,431  INFO        [Step B] No Facebook URL — skipping FB scrape
2026-06-14 00:43:41,431  INFO        [Step C] LinkedIn search for: Ngui Used Car Dealer
2026-06-14 00:43:41,431  INFO          [LinkedIn] DDG query: site:linkedin.com/company "Ngui Used Car Dealer" Malaysia
2026-06-14 00:43:41,744  INFO      response: https://en.wikipedia.org/w/api.php?action=opensearch&profile=fuzzy&limit=1&search=site%3Alinkedin.com/company%20%22Ngui%20Used%20Car%20Dealer%22%20Malaysia 200
2026-06-14 00:43:41,769  INFO      response: https://grokipedia.com/api/typeahead?query=site%3Alinkedin.com%2Fcompany+%22Ngui+Used+Car+Dealer%22+Malaysia&limit=1 200
2026-06-14 00:43:42,866  INFO      response: https://yandex.com/search/site/?text=site%3Alinkedin.com%2Fcompany+%22Ngui+Used+Car+Dealer%22+Malaysia&web=1&searchid=5917198 200
2026-06-14 00:43:44,126  INFO      response: https://www.startpage.com/sp/captcha 200
2026-06-14 00:43:45,094  INFO      response: https://www.startpage.com/sp/captcha 200
2026-06-14 00:43:45,590  INFO      response: https://www.google.com/sorry/index?continue=https://www.google.com/search%3Fq%3Dsite%253Alinkedin.com%252Fcompany%2B%2522Ngui%2BUsed%2BCar%2BDealer%2522%2BMalaysia%26filter%3D1%26start%3D0%26hl%3Den-US%26lr%3Dlang_en%26cr%3DcountryUS&hl=en-US&q=EgTLrhUGGOrXttEGIjB4w7iW16UeLjiSIe8eTXuyA2xEU8JdiOxDkwyRfBhHLS7SRC2givmKFCXy4X2XJ6kyAnJSWgFD 429
2026-06-14 00:43:45,963  INFO      response: https://search.brave.com/search?q=site%3Alinkedin.com%2Fcompany+%22Ngui+Used+Car+Dealer%22+Malaysia&source=web 429
2026-06-14 00:43:46,413  INFO      response: https://search.yahoo.com/search;_ylt=5Pe2SuWcRQewPTXs5GGQgi9V;_ylu=mVLtLt1Ew1Zs7moYm9VmGPCS_U7sWuOwIASNOSTf4b2I_tA?p=site%3Alinkedin.com%2Fcompany+%22Ngui+Used+Car+Dealer%22+Malaysia 200
2026-06-14 00:43:47,607  INFO      response: https://www.mojeek.com/search?q=site%3Alinkedin.com%2Fcompany+%22Ngui+Used+Car+Dealer%22+Malaysia 403
2026-06-14 00:43:49,609  INFO          [LinkedIn] Rejected (ratio=0.41, hits=[]): https://www.linkedin.com/company/pt-sugity-creatives
2026-06-14 00:43:49,609  INFO          [LinkedIn] Rejected (ratio=0.17, hits=[]): https://www.linkedin.com/company/vestigo-petroleum-sdn-bhd-
2026-06-14 00:43:49,609  INFO          [LinkedIn] Rejected (ratio=0.33, hits=[]): https://www.linkedin.com/company/indeed-com
2026-06-14 00:43:49,609  INFO          [LinkedIn] Rejected (ratio=0.23, hits=['car']): https://www.linkedin.com/company/carigali-pttepi-operating-company-sdn-bhd
2026-06-14 00:43:49,610  INFO          [LinkedIn] Rejected (ratio=0.33, hits=[]): https://www.linkedin.com/company/auto-wares-group
2026-06-14 00:43:49,610  INFO          [LinkedIn] Rejected (ratio=0.43, hits=['car']): https://my.linkedin.com/company/petronas-carigali
2026-06-14 00:43:49,611  INFO          [LinkedIn] Rejected (ratio=0.22, hits=[]): https://www.linkedin.com/company/malaysian-refining-company
2026-06-14 00:43:49,611  INFO          [LinkedIn] ✗ Not found
2026-06-14 00:43:49,613  INFO      
  ✓ Final Contact:
2026-06-14 00:43:49,613  INFO          Emails  : []
2026-06-14 00:43:49,614  INFO          Phones  : ['+60 82-461 139']
2026-06-14 00:43:49,614  INFO          LinkedIn: None
2026-06-14 00:43:49,614  INFO          Sources : []
2026-06-14 00:43:49,617  INFO        ✓ Saved progress → dealers_final_Kuching_93000.json
2026-06-14 00:43:49,617  INFO        ⏳ Waiting 3.0s before next dealer...
2026-06-14 00:43:52,618  INFO      
[11/18]
2026-06-14 00:43:52,618  INFO      
════════════════════════════════════════════════════════════
2026-06-14 00:43:52,618  INFO        Enriching: Y.S.H Motors Trading Sdn Bhd  (Kuching)
2026-06-14 00:43:52,618  INFO      ════════════════════════════════════════════════════════════
2026-06-14 00:43:52,618  INFO        [Step A] No website — skipping Jina Reader
2026-06-14 00:43:52,618  INFO        [Step B] Facebook mobile → https://www.facebook.com/pages/YSH-Motor/125987797450882?ref=hl
2026-06-14 00:43:54,502  INFO          [FB Mobile] Resolved URL: https://www.facebook.com/pages/YSH-Motor/125987797450882?ref=hl
2026-06-14 00:43:54,502  INFO          [FB Mobile] Could not extract handle from: https://www.facebook.com/pages/YSH-Motor/125987797450882?ref=hl
2026-06-14 00:43:56,504  INFO        [Step C] LinkedIn search for: Y.S.H Motors Trading Sdn Bhd
2026-06-14 00:43:56,504  INFO          [LinkedIn] DDG query: site:linkedin.com/company "Y.S.H Motors Trading Sdn Bhd" Malaysia
2026-06-14 00:43:57,101  INFO      response: https://grokipedia.com/api/typeahead?query=site%3Alinkedin.com%2Fcompany+%22Y.S.H+Motors+Trading+Sdn+Bhd%22+Malaysia&limit=1 200
2026-06-14 00:43:57,556  INFO      response: https://en.wikipedia.org/w/api.php?action=opensearch&profile=fuzzy&limit=1&search=site%3Alinkedin.com/company%20%22Y.S.H%20Motors%20Trading%20Sdn%20Bhd%22%20Malaysia 200
2026-06-14 00:43:58,177  INFO      response: https://www.startpage.com/ 200
2026-06-14 00:43:59,329  INFO      response: https://www.startpage.com/sp/captcha 200
2026-06-14 00:43:59,400  INFO      HTTP Request: POST https://html.duckduckgo.com/html/ "HTTP/2 202 Accepted"
2026-06-14 00:44:00,497  INFO      response: https://yandex.com/search/site/?text=site%3Alinkedin.com%2Fcompany+%22Y.S.H+Motors+Trading+Sdn+Bhd%22+Malaysia&web=1&searchid=1842290 200
2026-06-14 00:44:01,049  INFO      response: https://www.mojeek.com/search?q=site%3Alinkedin.com%2Fcompany+%22Y.S.H+Motors+Trading+Sdn+Bhd%22+Malaysia 403
2026-06-14 00:44:01,820  INFO      response: https://search.brave.com/search?q=site%3Alinkedin.com%2Fcompany+%22Y.S.H+Motors+Trading+Sdn+Bhd%22+Malaysia&source=web 200
2026-06-14 00:44:03,848  INFO          [LinkedIn] Rejected — foreign subdomain 'se': https://se.linkedin.com/company/ycs-capital-sdn-bhd
2026-06-14 00:44:03,849  INFO          [LinkedIn] Rejected (ratio=0.44, hits=['motors']): https://www.linkedin.com/company/hino-motors-sales-malaysia-sdn-bhd
2026-06-14 00:44:03,849  INFO          [LinkedIn] Rejected — foreign subdomain 'rw': https://rw.linkedin.com/company/ysp-m?trk=public_profile_experience-item_profile-section-card_image-click
2026-06-14 00:44:03,849  INFO          [LinkedIn] Rejected — foreign subdomain 'in': https://in.linkedin.com/company/yhs-associates-sdn-bhd
2026-06-14 00:44:03,849  INFO          [LinkedIn] Rejected (ratio=0.33, hits=[]): https://www.linkedin.com/company/myopal-services-sdn-bhd
2026-06-14 00:44:03,849  INFO          [LinkedIn] Rejected (ratio=0.17, hits=[]): https://www.linkedin.com/company/hap-seng-consolidated-berhad
2026-06-14 00:44:03,849  INFO          [LinkedIn] Rejected (ratio=0.26, hits=[]): https://www.linkedin.com/company/ysh
2026-06-14 00:44:03,849  INFO          [LinkedIn] Rejected (ratio=0.21, hits=[]): https://www.linkedin.com/company/malaysia
2026-06-14 00:44:03,849  INFO          [LinkedIn] ✗ Not found
2026-06-14 00:44:03,852  INFO      
  ✓ Final Contact:
2026-06-14 00:44:03,853  INFO          Emails  : []
2026-06-14 00:44:03,853  INFO          Phones  : ['+60 12-883 6855']
2026-06-14 00:44:03,853  INFO          LinkedIn: None
2026-06-14 00:44:03,853  INFO          Sources : []
2026-06-14 00:44:03,855  INFO        ✓ Saved progress → dealers_final_Kuching_93000.json
2026-06-14 00:44:03,855  INFO        ⏳ Waiting 3.0s before next dealer...
2026-06-14 00:44:06,857  INFO      
[12/18]
2026-06-14 00:44:06,857  INFO      
════════════════════════════════════════════════════════════
2026-06-14 00:44:06,857  INFO        Enriching: Recond Car Dealer - RAYA KHAS AUTO  (Kuching)
2026-06-14 00:44:06,857  INFO      ════════════════════════════════════════════════════════════
2026-06-14 00:44:06,857  INFO        [Step A] Jina Reader → http://www.rayakhas.com.my/
2026-06-14 00:44:06,857  INFO          [Jina] Reading: http://www.rayakhas.com.my/
2026-06-14 00:44:08,090  INFO          [Jina] Got 8610 chars of markdown
2026-06-14 00:44:08,093  INFO          [Jina] Emails: []  Phones: ['601126823667', '60128820111', '60138298892', '60146923156', '60109720111', '601126809023']
2026-06-14 00:44:10,095  INFO        [Step B] No Facebook URL — skipping FB scrape
2026-06-14 00:44:10,095  INFO        [Step C] LinkedIn search for: Recond Car Dealer - RAYA KHAS AUTO
2026-06-14 00:44:10,095  INFO          [LinkedIn] DDG query: site:linkedin.com/company "Recond Car Dealer - RAYA KHAS AUTO" Malaysia
2026-06-14 00:44:10,566  INFO      response: https://grokipedia.com/api/typeahead?query=site%3Alinkedin.com%2Fcompany+%22Recond+Car+Dealer+-+RAYA+KHAS+AUTO%22+Malaysia&limit=1 200
2026-06-14 00:44:11,033  INFO      response: https://en.wikipedia.org/w/api.php?action=opensearch&profile=fuzzy&limit=1&search=site%3Alinkedin.com/company%20%22Recond%20Car%20Dealer%20-%20RAYA%20KHAS%20AUTO%22%20Malaysia 200
2026-06-14 00:44:11,116  INFO      HTTP Request: POST https://html.duckduckgo.com/html/ "HTTP/2 202 Accepted"
2026-06-14 00:44:12,369  INFO      response: https://www.startpage.com/sp/captcha 200
2026-06-14 00:44:13,244  INFO      response: https://www.startpage.com/sp/captcha 200
2026-06-14 00:44:13,628  INFO      response: https://search.yahoo.com/search;_ylt=uwIJcG-DpfvFXdcmxHOUKNSk;_ylu=d77xMMYAAd3ENCPmzzTzaqjhSwze2WczA8vmwCzbJXlMRLY?p=site%3Alinkedin.com%2Fcompany+%22Recond+Car+Dealer+-+RAYA+KHAS+AUTO%22+Malaysia 200
2026-06-14 00:44:14,589  INFO      response: https://www.mojeek.com/search?q=site%3Alinkedin.com%2Fcompany+%22Recond+Car+Dealer+-+RAYA+KHAS+AUTO%22+Malaysia 403
2026-06-14 00:44:15,617  INFO      response: https://yandex.com/search/site/?text=site%3Alinkedin.com%2Fcompany+%22Recond+Car+Dealer+-+RAYA+KHAS+AUTO%22+Malaysia&web=1&searchid=3035205 200
2026-06-14 00:44:16,035  INFO      response: https://www.google.com/sorry/index?continue=https://www.google.com/search%3Fq%3Dsite%253Alinkedin.com%252Fcompany%2B%2522Recond%2BCar%2BDealer%2B-%2BRAYA%2BKHAS%2BAUTO%2522%2BMalaysia%26filter%3D1%26start%3D0%26hl%3Den-US%26lr%3Dlang_en%26cr%3DcountryUS&hl=en-US&q=EgTLrhUGGIjYttEGIjCKszUnqVgIhUNPh1W8KYwNjqpEhPCg111awNtSXvEMVVGqesGlgrOTcrnCmZkNu8UyAnJSWgFD 429
2026-06-14 00:44:16,398  INFO      response: https://search.brave.com/search?q=site%3Alinkedin.com%2Fcompany+%22Recond+Car+Dealer+-+RAYA+KHAS+AUTO%22+Malaysia&source=web 429
2026-06-14 00:44:18,433  INFO          [LinkedIn] Rejected — foreign subdomain 'sg': https://sg.linkedin.com/company/sehaluan
2026-06-14 00:44:18,433  INFO          [LinkedIn] Rejected (ratio=0.36, hits=['raya', 'khas']): https://my.linkedin.com/company/rayakhashq
2026-06-14 00:44:18,433  INFO          [LinkedIn] Rejected (ratio=0.23, hits=['auto']): https://www.linkedin.com/company/sismaauto
2026-06-14 00:44:18,434  INFO          [LinkedIn] Rejected (ratio=0.28, hits=['auto']): https://my.linkedin.com/company/bermazautoberhad
2026-06-14 00:44:18,434  INFO          [LinkedIn] Rejected — foreign subdomain 'me': https://me.linkedin.com/company/rayaauto
2026-06-14 00:44:18,434  INFO          [LinkedIn] Rejected (ratio=0.35, hits=['khas', 'auto']): https://my.linkedin.com/company/khas-auto-sdn-bhd-国丰）
2026-06-14 00:44:18,434  INFO          [LinkedIn] Rejected (ratio=0.05, hits=[]): https://www.linkedin.com/company/jac auto -malaysia- sdn- bhd
2026-06-14 00:44:18,434  INFO          [LinkedIn] ✗ Not found
2026-06-14 00:44:18,436  INFO      
  ✓ Final Contact:
2026-06-14 00:44:18,436  INFO          Emails  : []
2026-06-14 00:44:18,436  INFO          Phones  : ['+60 19-817 2168', '601126823667', '60128820111', '60138298892', '60146923156', '60109720111', '601126809023']
2026-06-14 00:44:18,437  INFO          LinkedIn: None
2026-06-14 00:44:18,437  INFO          Sources : ['website_jina']
2026-06-14 00:44:18,439  INFO        ✓ Saved progress → dealers_final_Kuching_93000.json
2026-06-14 00:44:18,440  INFO        ⏳ Waiting 3.0s before next dealer...
2026-06-14 00:44:21,440  INFO      
[13/18]
2026-06-14 00:44:21,441  INFO      
════════════════════════════════════════════════════════════
2026-06-14 00:44:21,441  INFO        Enriching: Soon Teck Motor  (Kuching)
2026-06-14 00:44:21,441  INFO      ════════════════════════════════════════════════════════════
2026-06-14 00:44:21,441  INFO        [Step A] No website — skipping Jina Reader
2026-06-14 00:44:21,441  INFO        [Step B] No Facebook URL — skipping FB scrape
2026-06-14 00:44:21,441  INFO        [Step C] LinkedIn search for: Soon Teck Motor
2026-06-14 00:44:21,441  INFO          [LinkedIn] DDG query: site:linkedin.com/company "Soon Teck Motor" Malaysia
2026-06-14 00:44:22,092  INFO      response: https://grokipedia.com/api/typeahead?query=site%3Alinkedin.com%2Fcompany+%22Soon+Teck+Motor%22+Malaysia&limit=1 200
2026-06-14 00:44:22,394  INFO      response: https://en.wikipedia.org/w/api.php?action=opensearch&profile=fuzzy&limit=1&search=site%3Alinkedin.com/company%20%22Soon%20Teck%20Motor%22%20Malaysia 200
2026-06-14 00:44:23,525  INFO      response: https://search.brave.com/search?q=site%3Alinkedin.com%2Fcompany+%22Soon+Teck+Motor%22+Malaysia&source=web 200
2026-06-14 00:44:25,551  INFO          [LinkedIn] Rejected (ratio=0.48, hits=['motor']): https://www.linkedin.com/company/tkkrmotorsport
2026-06-14 00:44:25,551  INFO          [LinkedIn] Rejected — foreign subdomain 'sg': https://sg.linkedin.com/company/slmetalsgroup
2026-06-14 00:44:25,552  INFO          [LinkedIn] Rejected — foreign subdomain 'sg': https://sg.linkedin.com/company/tye-soon-limited
2026-06-14 00:44:25,552  INFO          [LinkedIn] Rejected — foreign subdomain 'in': https://in.linkedin.com/company/lamsoon
2026-06-14 00:44:25,553  INFO          [LinkedIn] Rejected — foreign subdomain 'sg': https://sg.linkedin.com/company/kian-soon
2026-06-14 00:44:25,553  INFO          [LinkedIn] Rejected (ratio=0.47, hits=['soon']): https://www.linkedin.com/company/soon-soon-group
2026-06-14 00:44:25,553  INFO          [LinkedIn] Rejected — foreign subdomain 'hk': https://hk.linkedin.com/company/taikoo-motors-limited---taiwan-branch
2026-06-14 00:44:25,553  INFO          [LinkedIn] Rejected (ratio=0.35, hits=['soon']): https://www.linkedin.com/company/soon-li-heng-group-of-companies
2026-06-14 00:44:25,553  INFO          [LinkedIn] ✗ Not found
2026-06-14 00:44:25,555  INFO      
  ✓ Final Contact:
2026-06-14 00:44:25,556  INFO          Emails  : []
2026-06-14 00:44:25,556  INFO          Phones  : ['+60 82-523 476']
2026-06-14 00:44:25,556  INFO          LinkedIn: None
2026-06-14 00:44:25,556  INFO          Sources : []
2026-06-14 00:44:25,561  INFO        ✓ Saved progress → dealers_final_Kuching_93000.json
2026-06-14 00:44:25,561  INFO        ⏳ Waiting 3.0s before next dealer...
2026-06-14 00:44:28,562  INFO      
[14/18]
2026-06-14 00:44:28,562  INFO      
════════════════════════════════════════════════════════════
2026-06-14 00:44:28,562  INFO        Enriching: YSH Motors Tabuan  (Kuching)
2026-06-14 00:44:28,562  INFO      ════════════════════════════════════════════════════════════
2026-06-14 00:44:28,562  INFO        [Step A] Jina Reader → http://yshmotors.com/
2026-06-14 00:44:28,562  INFO          [Jina] Reading: http://yshmotors.com/
2026-06-14 00:44:29,733  INFO          [Jina] Got 3635 chars of markdown
2026-06-14 00:44:29,735  INFO          [Jina] Emails: []  Phones: []
2026-06-14 00:44:31,739  INFO        [Step B] No Facebook URL — skipping FB scrape
2026-06-14 00:44:31,739  INFO        [Step C] LinkedIn search for: YSH Motors Tabuan
2026-06-14 00:44:31,739  INFO          [LinkedIn] DDG query: site:linkedin.com/company "YSH Motors Tabuan" Malaysia
2026-06-14 00:44:32,125  INFO      response: https://grokipedia.com/api/typeahead?query=site%3Alinkedin.com%2Fcompany+%22YSH+Motors+Tabuan%22+Malaysia&limit=1 200
2026-06-14 00:44:32,536  INFO      response: https://en.wikipedia.org/w/api.php?action=opensearch&profile=fuzzy&limit=1&search=site%3Alinkedin.com/company%20%22YSH%20Motors%20Tabuan%22%20Malaysia 200
2026-06-14 00:44:33,951  INFO      response: https://search.yahoo.com/search;_ylt=syv1QOzWddwYgCwXHVFW0cco;_ylu=ZhnkrAsIl5QXFD9wAMUZJBc-lG1ml7BN2ocv9h41S-ki-ic?p=site%3Alinkedin.com%2Fcompany+%22YSH+Motors+Tabuan%22+Malaysia 200
2026-06-14 00:44:35,366  INFO      response: https://yandex.com/search/site/?text=site%3Alinkedin.com%2Fcompany+%22YSH+Motors+Tabuan%22+Malaysia&web=1&searchid=6088004 200
2026-06-14 00:44:35,838  INFO      response: https://www.mojeek.com/search?q=site%3Alinkedin.com%2Fcompany+%22YSH+Motors+Tabuan%22+Malaysia 403
2026-06-14 00:44:36,412  INFO      response: https://www.google.com/sorry/index?continue=https://www.google.com/search%3Fq%3Dsite%253Alinkedin.com%252Fcompany%2B%2522YSH%2BMotors%2BTabuan%2522%2BMalaysia%26filter%3D1%26start%3D0%26hl%3Den-US%26lr%3Dlang_en%26cr%3DcountryUS&hl=en-US&q=EgTLrhUGGJ3YttEGIjAE8znLu8Lw3nS7ex3IcmMO9P0mWHLqy92BnF32pwqKdWwG7zPIId4aitzmkh-Q6dcyAnJSWgFD 429
2026-06-14 00:44:37,167  INFO      response: https://search.brave.com/search?q=site%3Alinkedin.com%2Fcompany+%22YSH+Motors+Tabuan%22+Malaysia&source=web 200
2026-06-14 00:44:39,230  INFO          [LinkedIn] Rejected (ratio=0.30, hits=['ysh']): https://www.linkedin.com/company/ysh
2026-06-14 00:44:39,231  INFO          [LinkedIn] Rejected (ratio=0.24, hits=[]): https://www.linkedin.com/company/malaysia
2026-06-14 00:44:39,231  INFO          [LinkedIn] Rejected (ratio=0.52, hits=['motors']): https://www.linkedin.com/company/mitsubishi-motors-corporation
2026-06-14 00:44:39,231  INFO          [LinkedIn] Rejected — foreign subdomain 'in': https://in.linkedin.com/company/yamaha-motor-solutions-india-pvt.ltd.
2026-06-14 00:44:39,231  INFO          [LinkedIn] Rejected (ratio=0.20, hits=[]): https://www.linkedin.com/company/audi-malaysia
2026-06-14 00:44:39,232  INFO          [LinkedIn] Rejected (ratio=0.32, hits=[]): https://www.linkedin.com/company/yhsgroup
2026-06-14 00:44:39,232  INFO          [LinkedIn] Rejected — foreign subdomain 'hk': https://hk.linkedin.com/company/wearnes-motors-hk-limited
2026-06-14 00:44:39,232  INFO          [LinkedIn] Rejected (ratio=0.09, hits=[]): https://www.linkedin.com/company/thyew
2026-06-14 00:44:39,232  INFO          [LinkedIn] ✗ Not found
2026-06-14 00:44:39,235  INFO      
  ✓ Final Contact:
2026-06-14 00:44:39,235  INFO          Emails  : []
2026-06-14 00:44:39,235  INFO          Phones  : ['+60 12-919 6855']
2026-06-14 00:44:39,235  INFO          LinkedIn: None
2026-06-14 00:44:39,235  INFO          Sources : []
2026-06-14 00:44:39,239  INFO        ✓ Saved progress → dealers_final_Kuching_93000.json
2026-06-14 00:44:39,239  INFO        ⏳ Waiting 3.0s before next dealer...
2026-06-14 00:44:42,240  INFO      
[15/18]
2026-06-14 00:44:42,240  INFO      
════════════════════════════════════════════════════════════
2026-06-14 00:44:42,241  INFO        Enriching: F.T AUTO KUCHING (PREMIUM)  (Kuching)
2026-06-14 00:44:42,241  INFO      ════════════════════════════════════════════════════════════
2026-06-14 00:44:42,241  INFO        [Step A] No website — skipping Jina Reader
2026-06-14 00:44:42,241  INFO        [Step B] No Facebook URL — skipping FB scrape
2026-06-14 00:44:42,241  INFO        [Step C] LinkedIn search for: F.T AUTO KUCHING (PREMIUM)
2026-06-14 00:44:42,241  INFO          [LinkedIn] DDG query: site:linkedin.com/company "F.T AUTO KUCHING (PREMIUM)" Malaysia
2026-06-14 00:44:42,774  INFO      response: https://grokipedia.com/api/typeahead?query=site%3Alinkedin.com%2Fcompany+%22F.T+AUTO+KUCHING+%28PREMIUM%29%22+Malaysia&limit=1 200
2026-06-14 00:44:42,877  INFO      response: https://en.wikipedia.org/w/api.php?action=opensearch&profile=fuzzy&limit=1&search=site%3Alinkedin.com/company%20%22F.T%20AUTO%20KUCHING%20%28PREMIUM%29%22%20Malaysia 200
2026-06-14 00:44:44,107  INFO      response: https://www.startpage.com/sp/captcha 200
2026-06-14 00:44:44,792  INFO      response: https://www.startpage.com/sp/captcha 200
2026-06-14 00:44:44,897  INFO      HTTP Request: POST https://html.duckduckgo.com/html/ "HTTP/2 202 Accepted"
2026-06-14 00:44:45,386  INFO      response: https://www.mojeek.com/search?q=site%3Alinkedin.com%2Fcompany+%22F.T+AUTO+KUCHING+%28PREMIUM%29%22+Malaysia 403
2026-06-14 00:44:45,752  INFO      response: https://www.google.com/search?q=site%3Alinkedin.com%2Fcompany+%22F.T+AUTO+KUCHING+%28PREMIUM%29%22+Malaysia&filter=1&start=0&hl=en-US&lr=lang_en&cr=countryUS 200
2026-06-14 00:44:46,162  INFO      response: https://search.yahoo.com/search;_ylt=UcVGru18YwvT_3YKY8czb2Bf;_ylu=v6BuWc6YIP7G4mypmKfjhSuGmM9fHHngZmxBiiQNKGy8ggA?p=site%3Alinkedin.com%2Fcompany+%22F.T+AUTO+KUCHING+%28PREMIUM%29%22+Malaysia 200
2026-06-14 00:44:47,110  INFO      response: https://search.brave.com/search?q=site%3Alinkedin.com%2Fcompany+%22F.T+AUTO+KUCHING+%28PREMIUM%29%22+Malaysia&source=web 429
2026-06-14 00:44:48,139  INFO      response: https://yandex.com/search/site/?text=site%3Alinkedin.com%2Fcompany+%22F.T+AUTO+KUCHING+%28PREMIUM%29%22+Malaysia&web=1&searchid=2491500 200
2026-06-14 00:44:50,141  INFO          [LinkedIn] Rejected (ratio=0.25, hits=[]): https://www.linkedin.com/company/accountsoft-enterprise-sdn-bhd
2026-06-14 00:44:50,141  INFO          [LinkedIn] ✗ Not found
2026-06-14 00:44:50,142  INFO      
  ✓ Final Contact:
2026-06-14 00:44:50,142  INFO          Emails  : []
2026-06-14 00:44:50,142  INFO          Phones  : ['+60 13-456 9696']
2026-06-14 00:44:50,142  INFO          LinkedIn: None
2026-06-14 00:44:50,142  INFO          Sources : []
2026-06-14 00:44:50,148  INFO        ✓ Saved progress → dealers_final_Kuching_93000.json
2026-06-14 00:44:50,149  INFO        ⏳ Waiting 3.0s before next dealer...
2026-06-14 00:44:53,149  INFO      
[16/18]
2026-06-14 00:44:53,149  INFO      
════════════════════════════════════════════════════════════
2026-06-14 00:44:53,149  INFO        Enriching: JS CAR DEALERSHIP SDN BHD  (Kuching)
2026-06-14 00:44:53,149  INFO      ════════════════════════════════════════════════════════════
2026-06-14 00:44:53,149  INFO        [Step A] No website — skipping Jina Reader
2026-06-14 00:44:53,149  INFO        [Step B] Facebook mobile → https://www.facebook.com/profile.php?id=100066245603275
2026-06-14 00:44:54,211  INFO          [FB Mobile] Resolved URL: https://www.facebook.com/profile.php?id=100066245603275
2026-06-14 00:44:54,211  INFO          [FB Mobile] Fetching: https://m.facebook.com/100066245603275/about
2026-06-14 00:44:55,522  INFO          [FB Mobile] Fetching: https://m.facebook.com/100066245603275
2026-06-14 00:44:56,650  INFO          [FB Mobile] Fetching: https://www.facebook.com/100066245603275/about
2026-06-14 00:44:57,728  INFO          [FB Mobile] No contacts found (login wall or empty page)
2026-06-14 00:44:59,731  INFO        [Step C] LinkedIn search for: JS CAR DEALERSHIP SDN BHD
2026-06-14 00:44:59,732  INFO          [LinkedIn] DDG query: site:linkedin.com/company "JS CAR DEALERSHIP SDN BHD" Malaysia
2026-06-14 00:45:00,698  INFO      response: https://en.wikipedia.org/w/api.php?action=opensearch&profile=fuzzy&limit=1&search=site%3Alinkedin.com/company%20%22JS%20CAR%20DEALERSHIP%20SDN%20BHD%22%20Malaysia 200
2026-06-14 00:45:00,724  INFO      response: https://grokipedia.com/api/typeahead?query=site%3Alinkedin.com%2Fcompany+%22JS+CAR+DEALERSHIP+SDN+BHD%22+Malaysia&limit=1 200
2026-06-14 00:45:01,718  INFO      response: https://yandex.com/search/site/?text=site%3Alinkedin.com%2Fcompany+%22JS+CAR+DEALERSHIP+SDN+BHD%22+Malaysia&web=1&searchid=1524553 200
2026-06-14 00:45:02,236  INFO      response: https://www.mojeek.com/search?q=site%3Alinkedin.com%2Fcompany+%22JS+CAR+DEALERSHIP+SDN+BHD%22+Malaysia 403
2026-06-14 00:45:02,847  INFO      response: https://www.google.com/sorry/index?continue=https://www.google.com/search%3Fq%3Dsite%253Alinkedin.com%252Fcompany%2B%2522JS%2BCAR%2BDEALERSHIP%2BSDN%2BBHD%2522%2BMalaysia%26filter%3D1%26start%3D0%26hl%3Den-US%26lr%3Dlang_en%26cr%3DcountryUS&hl=en-US&q=EgTLrhUGGLfYttEGIjBdQJ3a5Z-obe4Fs3hcoviGMNROIh81Z-q7j5vJwnRkLViHkloQZoT3uUsKLHmdfm4yAnJSWgFD 429
2026-06-14 00:45:03,754  INFO      response: https://search.brave.com/search?q=site%3Alinkedin.com%2Fcompany+%22JS+CAR+DEALERSHIP+SDN+BHD%22+Malaysia&source=web 200
2026-06-14 00:45:05,776  INFO          [LinkedIn] Rejected (ratio=0.31, hits=[]): https://my.linkedin.com/company/j.s.one-sdn-bhd
2026-06-14 00:45:05,776  INFO          [LinkedIn] Rejected (ratio=0.27, hits=[]): https://my.linkedin.com/company/suzuki-malaysia-automobile-sdn-bhd-
2026-06-14 00:45:05,776  INFO          [LinkedIn] Rejected — foreign subdomain 'bn': https://bn.linkedin.com/company/jasra-logistics-sdn-bhd
2026-06-14 00:45:05,776  INFO          [LinkedIn] Rejected (ratio=0.17, hits=[]): https://my.linkedin.com/company/shjauto
2026-06-14 00:45:05,778  INFO          [LinkedIn] Rejected (ratio=0.38, hits=[]): https://my.linkedin.com/company/js-major-solution-sdn-bhd
2026-06-14 00:45:05,778  INFO          [LinkedIn] Rejected (ratio=0.18, hits=[]): https://my.linkedin.com/company/lhm-auto-sdn-bhd
2026-06-14 00:45:05,778  INFO          [LinkedIn] Rejected (ratio=0.43, hits=[]): https://my.linkedin.com/company/jsc-security-services-sdn-bhd
2026-06-14 00:45:05,778  INFO          [LinkedIn] Rejected (ratio=0.29, hits=[]): https://www.linkedin.com/company/jm-motor-venture-sdn-bhd
2026-06-14 00:45:05,779  INFO          [LinkedIn] ✗ Not found
2026-06-14 00:45:05,781  INFO      
  ✓ Final Contact:
2026-06-14 00:45:05,781  INFO          Emails  : []
2026-06-14 00:45:05,782  INFO          Phones  : ['+60 17-659 8988']
2026-06-14 00:45:05,782  INFO          LinkedIn: None
2026-06-14 00:45:05,782  INFO          Sources : []
2026-06-14 00:45:05,786  INFO        ✓ Saved progress → dealers_final_Kuching_93000.json
2026-06-14 00:45:05,787  INFO        ⏳ Waiting 3.0s before next dealer...
2026-06-14 00:45:08,788  INFO      
[17/18]
2026-06-14 00:45:08,788  INFO      
════════════════════════════════════════════════════════════
2026-06-14 00:45:08,788  INFO        Enriching: K. L. K SERVICES COMPANY  (Kuching)
2026-06-14 00:45:08,789  INFO      ════════════════════════════════════════════════════════════
2026-06-14 00:45:08,789  INFO        [Step A] Jina Reader → https://klkmarketrade.mystrikingly.com/
2026-06-14 00:45:08,789  INFO          [Jina] Reading: https://klkmarketrade.mystrikingly.com/
2026-06-14 00:45:39,490  WARNING       [Jina] Failed: HTTPSConnectionPool(host='r.jina.ai', port=443): Read timed out. (read timeout=30)
2026-06-14 00:45:41,492  INFO        [Step B] No Facebook URL — skipping FB scrape
2026-06-14 00:45:41,492  INFO        [Step C] LinkedIn search for: K. L. K SERVICES COMPANY
2026-06-14 00:45:41,492  INFO          [LinkedIn] DDG query: site:linkedin.com/company "K. L. K SERVICES COMPANY" Malaysia
2026-06-14 00:45:41,993  INFO      response: https://en.wikipedia.org/w/api.php?action=opensearch&profile=fuzzy&limit=1&search=site%3Alinkedin.com/company%20%22K.%20L.%20K%20SERVICES%20COMPANY%22%20Malaysia 200
2026-06-14 00:45:43,957  INFO      response: https://grokipedia.com/api/typeahead?query=site%3Alinkedin.com%2Fcompany+%22K.+L.+K+SERVICES+COMPANY%22+Malaysia&limit=1 200
2026-06-14 00:45:44,310  INFO      response: https://search.brave.com/search?q=site%3Alinkedin.com%2Fcompany+%22K.+L.+K+SERVICES+COMPANY%22+Malaysia&source=web 429
2026-06-14 00:45:45,083  INFO      response: https://www.startpage.com/ 200
2026-06-14 00:45:46,267  INFO      response: https://www.startpage.com/sp/captcha 200
2026-06-14 00:45:46,786  INFO      response: https://www.mojeek.com/search?q=site%3Alinkedin.com%2Fcompany+%22K.+L.+K+SERVICES+COMPANY%22+Malaysia 403
2026-06-14 00:45:47,178  INFO      response: https://search.yahoo.com/search;_ylt=mjwN8RTbTX6nJl5_ZO93ixOP;_ylu=TeFrmXl63seTclnRiUvXSAvGOf5Ptven355xXkaI7GdsBVE?p=site%3Alinkedin.com%2Fcompany+%22K.+L.+K+SERVICES+COMPANY%22+Malaysia 200
2026-06-14 00:45:48,293  INFO      response: https://www.google.com/sorry/index?continue=https://www.google.com/search%3Fq%3Dsite%253Alinkedin.com%252Fcompany%2B%2522K.%2BL.%2BK%2BSERVICES%2BCOMPANY%2522%2BMalaysia%26filter%3D1%26start%3D0%26hl%3Den-US%26lr%3Dlang_en%26cr%3DcountryUS&hl=en-US&q=EgTLrhUGGOTYttEGIjBPyroIjQoMl7HF-2bPTEtBXiPDHxPz5PGcB8qFB3TL_mxxqmtaMN5qiqvLfytUQowyAnJSWgFD 429
2026-06-14 00:45:49,356  INFO      response: https://yandex.com/search/site/?text=site%3Alinkedin.com%2Fcompany+%22K.+L.+K+SERVICES+COMPANY%22+Malaysia&web=1&searchid=6553348 200
2026-06-14 00:45:51,359  INFO          [LinkedIn] Rejected (ratio=0.57, hits=['services']): https://my.linkedin.com/company/kelly-services-m-sdn-bhd-
2026-06-14 00:45:51,359  INFO          [LinkedIn] Rejected (ratio=0.36, hits=[]): https://www.linkedin.com/company/klkberhad
2026-06-14 00:45:51,360  INFO          [LinkedIn] Rejected (ratio=0.63, hits=['services']): https://www.linkedin.com/company/lk-services
2026-06-14 00:45:51,360  INFO          [LinkedIn] Rejected (ratio=0.54, hits=['services']): https://www.linkedin.com/company/l-k-services-private-limited
2026-06-14 00:45:51,360  INFO          [LinkedIn] Rejected — foreign subdomain 'in': https://in.linkedin.com/company/lkconsultant
2026-06-14 00:45:51,360  INFO          [LinkedIn] Rejected — foreign subdomain 'gu': https://gu.linkedin.com/company/tk&k-services
2026-06-14 00:45:51,360  INFO          [LinkedIn] Rejected (ratio=0.29, hits=[]): https://www.linkedin.com/company/lkgmalaysia
2026-06-14 00:45:51,360  INFO          [LinkedIn] ✗ Not found
2026-06-14 00:45:51,363  INFO      
  ✓ Final Contact:
2026-06-14 00:45:51,363  INFO          Emails  : []
2026-06-14 00:45:51,364  INFO          Phones  : ['+60 10-970 5353']
2026-06-14 00:45:51,364  INFO          LinkedIn: None
2026-06-14 00:45:51,364  INFO          Sources : []
2026-06-14 00:45:51,368  INFO        ✓ Saved progress → dealers_final_Kuching_93000.json
2026-06-14 00:45:51,368  INFO        ⏳ Waiting 3.0s before next dealer...
2026-06-14 00:45:54,369  INFO      
[18/18]
2026-06-14 00:45:54,369  INFO      
════════════════════════════════════════════════════════════
2026-06-14 00:45:54,369  INFO        Enriching: Lim Motor Trading Co.  (Kuching)
2026-06-14 00:45:54,369  INFO      ════════════════════════════════════════════════════════════
2026-06-14 00:45:54,369  INFO        [Step A] No website — skipping Jina Reader
2026-06-14 00:45:54,369  INFO        [Step B] No Facebook URL — skipping FB scrape
2026-06-14 00:45:54,369  INFO        [Step C] LinkedIn search for: Lim Motor Trading Co.
2026-06-14 00:45:54,370  INFO          [LinkedIn] DDG query: site:linkedin.com/company "Lim Motor Trading Co." Malaysia
2026-06-14 00:45:54,667  INFO      response: https://en.wikipedia.org/w/api.php?action=opensearch&profile=fuzzy&limit=1&search=site%3Alinkedin.com/company%20%22Lim%20Motor%20Trading%20Co.%22%20Malaysia 200
2026-06-14 00:45:55,582  INFO      response: https://grokipedia.com/api/typeahead?query=site%3Alinkedin.com%2Fcompany+%22Lim+Motor+Trading+Co.%22+Malaysia&limit=1 200
2026-06-14 00:45:55,688  INFO      HTTP Request: POST https://html.duckduckgo.com/html/ "HTTP/2 202 Accepted"
2026-06-14 00:45:56,217  INFO      response: https://search.yahoo.com/search;_ylt=lOflr7009XAwciPZ7C2allA8;_ylu=U0jo94iNGPebcDjcbBgGqAA38rwV-_x6SKYJPRplJ-yy3nQ?p=site%3Alinkedin.com%2Fcompany+%22Lim+Motor+Trading+Co.%22+Malaysia 200
2026-06-14 00:45:57,071  INFO      response: https://www.mojeek.com/search?q=site%3Alinkedin.com%2Fcompany+%22Lim+Motor+Trading+Co.%22+Malaysia 403
2026-06-14 00:45:58,100  INFO      response: https://yandex.com/search/site/?text=site%3Alinkedin.com%2Fcompany+%22Lim+Motor+Trading+Co.%22+Malaysia&web=1&searchid=4094668 200
2026-06-14 00:45:58,470  INFO      response: https://search.brave.com/search?q=site%3Alinkedin.com%2Fcompany+%22Lim+Motor+Trading+Co.%22+Malaysia&source=web 429
2026-06-14 00:45:59,329  INFO      response: https://www.google.com/sorry/index?continue=https://www.google.com/search%3Fq%3Dsite%253Alinkedin.com%252Fcompany%2B%2522Lim%2BMotor%2BTrading%2BCo.%2522%2BMalaysia%26filter%3D1%26start%3D0%26hl%3Den-US%26lr%3Dlang_en%26cr%3DcountryUS&hl=en-US&q=EgTLrhUGGO_YttEGIjAs_8iG1Zy7JVk4hUgJkVE4M9KH-zbCY_3rbMxyhz0I4PKC-A317iIT1Pa39P33xNMyAnJSWgFD 429
2026-06-14 00:46:00,431  INFO      response: https://www.startpage.com/sp/captcha 200
2026-06-14 00:46:01,447  INFO      response: https://www.startpage.com/sp/captcha 200
2026-06-14 00:46:01,451  WARNING       [LinkedIn] DDG failed: No results found.
2026-06-14 00:46:01,452  INFO      
  ✓ Final Contact:
2026-06-14 00:46:01,453  INFO          Emails  : []
2026-06-14 00:46:01,453  INFO          Phones  : []
2026-06-14 00:46:01,453  INFO          LinkedIn: None
2026-06-14 00:46:01,453  INFO          Sources : []
2026-06-14 00:46:01,457  INFO        ✓ Saved progress → dealers_final_Kuching_93000.json
2026-06-14 00:46:01,457  INFO      
════════════════════════════════════════════════════════════
2026-06-14 00:46:01,457  INFO        ✅  Phase 3 complete!
2026-06-14 00:46:01,457  INFO        📂  Output : C:\Users\sriya\Desktop\Learner\FindIt\Phase_three\dealers_final_Kuching_93000.json
2026-06-14 00:46:01,457  INFO        📊  Total  : 18 dealers enriched
2026-06-14 00:46:01,457  INFO      ════════════════════════════════════════════════════════════

